2019-03-13 22:13:35.273 [main] DEBUG com.rr.o2o.dao.ShopDao.queryShopList - ==>  Preparing: select s.shop_id, s.shop_name, s.shop_desc, s.shop_addr, s.phone, s.shop_img, s.priority, s.create_time, s.last_edit_time, s.enable_status, s.advice, a.area_id, a.area_name, sc.shop_category_id, sc.shop_category_name from tb_shop s, tb_area a, tb_shop_category sc WHERE s.owner_id = ? and s.area_id = a.area_id and s.shop_category_id = sc.shop_category_id order by s.priority DESC limit ?, ?; 
2019-03-13 22:13:35.329 [main] DEBUG com.rr.o2o.dao.ShopDao.queryShopList - ==> Parameters: 1(Long), 0(Integer), 5(Integer)
2019-03-13 22:13:35.401 [main] DEBUG com.rr.o2o.dao.ShopDao.queryShopList - <==      Total: 5
2019-03-13 22:15:33.601 [main] DEBUG com.rr.o2o.dao.ShopDao.queryShopList - ==>  Preparing: select s.shop_id, s.shop_name, s.shop_desc, s.shop_addr, s.phone, s.shop_img, s.priority, s.create_time, s.last_edit_time, s.enable_status, s.advice, a.area_id, a.area_name, sc.shop_category_id, sc.shop_category_name from tb_shop s, tb_area a, tb_shop_category sc WHERE s.owner_id = ? and s.area_id = a.area_id and s.shop_category_id = sc.shop_category_id order by s.priority DESC limit ?, ?; 
2019-03-13 22:15:33.641 [main] DEBUG com.rr.o2o.dao.ShopDao.queryShopList - ==> Parameters: 1(Long), 0(Integer), 5(Integer)
2019-03-13 22:15:33.667 [main] DEBUG com.rr.o2o.dao.ShopDao.queryShopList - <==      Total: 5
2019-03-13 22:15:33.674 [main] DEBUG com.rr.o2o.dao.ShopDao.queryShopCount - ==>  Preparing: select count(1) from tb_shop s, tb_area a, tb_shop_category sc WHERE s.ara_id = ? and s.area_id = a.area_id and s.shop_category_id = sc.shop_category_id 
2019-03-13 22:15:33.675 [main] DEBUG com.rr.o2o.dao.ShopDao.queryShopCount - ==> Parameters: 1(Long)
2019-03-13 22:17:07.088 [main] DEBUG com.rr.o2o.dao.ShopDao.queryShopList - ==>  Preparing: select s.shop_id, s.shop_name, s.shop_desc, s.shop_addr, s.phone, s.shop_img, s.priority, s.create_time, s.last_edit_time, s.enable_status, s.advice, a.area_id, a.area_name, sc.shop_category_id, sc.shop_category_name from tb_shop s, tb_area a, tb_shop_category sc WHERE s.owner_id = ? and s.area_id = a.area_id and s.shop_category_id = sc.shop_category_id order by s.priority DESC limit ?, ?; 
2019-03-13 22:17:07.128 [main] DEBUG com.rr.o2o.dao.ShopDao.queryShopList - ==> Parameters: 1(Long), 0(Integer), 5(Integer)
2019-03-13 22:17:07.151 [main] DEBUG com.rr.o2o.dao.ShopDao.queryShopList - <==      Total: 5
2019-03-13 22:17:07.160 [main] DEBUG com.rr.o2o.dao.ShopDao.queryShopCount - ==>  Preparing: select count(1) from tb_shop s, tb_area a, tb_shop_category sc WHERE s.area_id = ? and s.area_id = a.area_id and s.shop_category_id = sc.shop_category_id 
2019-03-13 22:17:07.161 [main] DEBUG com.rr.o2o.dao.ShopDao.queryShopCount - ==> Parameters: 1(Long)
2019-03-13 22:17:07.163 [main] DEBUG com.rr.o2o.dao.ShopDao.queryShopCount - <==      Total: 1
2019-03-13 22:25:30.293 [main] DEBUG com.rr.o2o.dao.ShopDao.queryShopList - ==>  Preparing: select s.shop_id, s.shop_name, s.shop_desc, s.shop_addr, s.phone, s.shop_img, s.priority, s.create_time, s.last_edit_time, s.enable_status, s.advice, a.area_id, a.area_name, sc.shop_category_id, sc.shop_category_name from tb_shop s, tb_area a, tb_shop_category sc WHERE s.area_id = a.area_id and s.shop_category_id = sc.shop_category_id order by s.priority DESC limit ?, ?; 
2019-03-13 22:25:30.333 [main] DEBUG com.rr.o2o.dao.ShopDao.queryShopList - ==> Parameters: 0(Integer), 5(Integer)
2019-03-13 22:25:30.358 [main] DEBUG com.rr.o2o.dao.ShopDao.queryShopList - <==      Total: 5
2019-03-13 22:25:30.365 [main] DEBUG com.rr.o2o.dao.ShopDao.queryShopCount - ==>  Preparing: select count(1) from tb_shop s, tb_area a, tb_shop_category sc WHERE s.area_id = a.area_id and s.shop_category_id = sc.shop_category_id 
2019-03-13 22:25:30.365 [main] DEBUG com.rr.o2o.dao.ShopDao.queryShopCount - ==> Parameters: 
2019-03-13 22:25:30.366 [main] DEBUG com.rr.o2o.dao.ShopDao.queryShopCount - <==      Total: 1
2019-03-13 22:25:52.816 [main] DEBUG com.rr.o2o.dao.ShopDao.queryShopList - ==>  Preparing: select s.shop_id, s.shop_name, s.shop_desc, s.shop_addr, s.phone, s.shop_img, s.priority, s.create_time, s.last_edit_time, s.enable_status, s.advice, a.area_id, a.area_name, sc.shop_category_id, sc.shop_category_name from tb_shop s, tb_area a, tb_shop_category sc WHERE s.owner_id = ? and s.area_id = a.area_id and s.shop_category_id = sc.shop_category_id order by s.priority DESC limit ?, ?; 
2019-03-13 22:25:52.865 [main] DEBUG com.rr.o2o.dao.ShopDao.queryShopList - ==> Parameters: 1(Long), 0(Integer), 5(Integer)
2019-03-13 22:25:52.889 [main] DEBUG com.rr.o2o.dao.ShopDao.queryShopList - <==      Total: 5
2019-03-13 22:25:52.896 [main] DEBUG com.rr.o2o.dao.ShopDao.queryShopCount - ==>  Preparing: select count(1) from tb_shop s, tb_area a, tb_shop_category sc WHERE s.area_id = ? and s.area_id = a.area_id and s.shop_category_id = sc.shop_category_id 
2019-03-13 22:25:52.896 [main] DEBUG com.rr.o2o.dao.ShopDao.queryShopCount - ==> Parameters: 1(Long)
2019-03-13 22:25:52.898 [main] DEBUG com.rr.o2o.dao.ShopDao.queryShopCount - <==      Total: 1
2019-03-13 22:28:09.178 [main] DEBUG com.rr.o2o.dao.ShopDao.queryShopList - ==>  Preparing: select s.shop_id, s.shop_name, s.shop_desc, s.shop_addr, s.phone, s.shop_img, s.priority, s.create_time, s.last_edit_time, s.enable_status, s.advice, a.area_id, a.area_name, sc.shop_category_id, sc.shop_category_name from tb_shop s, tb_area a, tb_shop_category sc WHERE s.owner_id = ? and s.area_id = a.area_id and s.shop_category_id = sc.shop_category_id order by s.priority DESC limit ?, ?; 
2019-03-13 22:28:09.217 [main] DEBUG com.rr.o2o.dao.ShopDao.queryShopList - ==> Parameters: 1(Long), 0(Integer), 5(Integer)
2019-03-13 22:28:09.241 [main] DEBUG com.rr.o2o.dao.ShopDao.queryShopList - <==      Total: 5
2019-03-13 22:28:09.248 [main] DEBUG com.rr.o2o.dao.ShopDao.queryShopCount - ==>  Preparing: select count(1) from tb_shop s, tb_area a, tb_shop_category sc WHERE s.owner_id = ? and s.area_id = a.area_id and s.shop_category_id = sc.shop_category_id 
2019-03-13 22:28:09.248 [main] DEBUG com.rr.o2o.dao.ShopDao.queryShopCount - ==> Parameters: 1(Long)
2019-03-13 22:28:09.250 [main] DEBUG com.rr.o2o.dao.ShopDao.queryShopCount - <==      Total: 1
2019-03-13 22:29:55.369 [main] DEBUG com.rr.o2o.dao.ShopDao.queryShopList - ==>  Preparing: select s.shop_id, s.shop_name, s.shop_desc, s.shop_addr, s.phone, s.shop_img, s.priority, s.create_time, s.last_edit_time, s.enable_status, s.advice, a.area_id, a.area_name, sc.shop_category_id, sc.shop_category_name from tb_shop s, tb_area a, tb_shop_category sc WHERE shop_category_id = ? and s.owner_id = ? and s.area_id = a.area_id and s.shop_category_id = sc.shop_category_id order by s.priority DESC limit ?, ?; 
2019-03-13 22:29:55.404 [main] DEBUG com.rr.o2o.dao.ShopDao.queryShopList - ==> Parameters: 1(Long), 1(Long), 1(Integer), 5(Integer)
2019-03-13 22:31:29.593 [main] DEBUG com.rr.o2o.dao.ShopDao.queryShopList - ==>  Preparing: select s.shop_id, s.shop_name, s.shop_desc, s.shop_addr, s.phone, s.shop_img, s.priority, s.create_time, s.last_edit_time, s.enable_status, s.advice, a.area_id, a.area_name, sc.shop_category_id, sc.shop_category_name from tb_shop s, tb_area a, tb_shop_category sc WHERE s.shop_category_id = ? and s.owner_id = ? and s.area_id = a.area_id and s.shop_category_id = sc.shop_category_id order by s.priority DESC limit ?, ?; 
2019-03-13 22:31:29.627 [main] DEBUG com.rr.o2o.dao.ShopDao.queryShopList - ==> Parameters: 1(Long), 1(Long), 1(Integer), 5(Integer)
2019-03-13 22:31:29.651 [main] DEBUG com.rr.o2o.dao.ShopDao.queryShopList - <==      Total: 4
2019-03-13 22:31:29.658 [main] DEBUG com.rr.o2o.dao.ShopDao.queryShopCount - ==>  Preparing: select count(1) from tb_shop s, tb_area a, tb_shop_category sc WHERE shop_category_id = ? and s.owner_id = ? and s.area_id = a.area_id and s.shop_category_id = sc.shop_category_id 
2019-03-13 22:31:29.659 [main] DEBUG com.rr.o2o.dao.ShopDao.queryShopCount - ==> Parameters: 1(Long), 1(Long)
2019-03-13 22:32:45.142 [main] DEBUG com.rr.o2o.dao.ShopDao.queryShopList - ==>  Preparing: select s.shop_id, s.shop_name, s.shop_desc, s.shop_addr, s.phone, s.shop_img, s.priority, s.create_time, s.last_edit_time, s.enable_status, s.advice, a.area_id, a.area_name, sc.shop_category_id, sc.shop_category_name from tb_shop s, tb_area a, tb_shop_category sc WHERE s.shop_category_id = ? and s.owner_id = ? and s.area_id = a.area_id and s.shop_category_id = sc.shop_category_id order by s.priority DESC limit ?, ?; 
2019-03-13 22:32:45.179 [main] DEBUG com.rr.o2o.dao.ShopDao.queryShopList - ==> Parameters: 1(Long), 1(Long), 1(Integer), 5(Integer)
2019-03-13 22:32:45.203 [main] DEBUG com.rr.o2o.dao.ShopDao.queryShopList - <==      Total: 4
2019-03-13 22:32:45.209 [main] DEBUG com.rr.o2o.dao.ShopDao.queryShopCount - ==>  Preparing: select count(1) from tb_shop s, tb_area a, tb_shop_category sc WHERE s.shop_category_id = ? and s.owner_id = ? and s.area_id = a.area_id and s.shop_category_id = sc.shop_category_id 
2019-03-13 22:32:45.210 [main] DEBUG com.rr.o2o.dao.ShopDao.queryShopCount - ==> Parameters: 1(Long), 1(Long)
2019-03-13 22:32:45.212 [main] DEBUG com.rr.o2o.dao.ShopDao.queryShopCount - <==      Total: 1
2019-03-13 22:34:28.653 [main] DEBUG com.rr.o2o.dao.ShopDao.queryShopList - ==>  Preparing: select s.shop_id, s.shop_name, s.shop_desc, s.shop_addr, s.phone, s.shop_img, s.priority, s.create_time, s.last_edit_time, s.enable_status, s.advice, a.area_id, a.area_name, sc.shop_category_id, sc.shop_category_name from tb_shop s, tb_area a, tb_shop_category sc WHERE s.shop_category_id = ? and s.owner_id = ? and s.area_id = a.area_id and s.shop_category_id = sc.shop_category_id order by s.priority DESC limit ?, ?; 
2019-03-13 22:34:28.695 [main] DEBUG com.rr.o2o.dao.ShopDao.queryShopList - ==> Parameters: 1(Long), 1(Long), 1(Integer), 5(Integer)
2019-03-13 22:34:28.719 [main] DEBUG com.rr.o2o.dao.ShopDao.queryShopList - <==      Total: 4
2019-03-13 22:34:28.726 [main] DEBUG com.rr.o2o.dao.ShopDao.queryShopCount - ==>  Preparing: select count(1) from tb_shop s, tb_area a, tb_shop_category sc WHERE s.shop_category_id = ? and s.owner_id = ? and s.area_id = a.area_id and s.shop_category_id = sc.shop_category_id 
2019-03-13 22:34:28.727 [main] DEBUG com.rr.o2o.dao.ShopDao.queryShopCount - ==> Parameters: 1(Long), 1(Long)
2019-03-13 22:34:28.728 [main] DEBUG com.rr.o2o.dao.ShopDao.queryShopCount - <==      Total: 1
2019-03-13 22:52:38.494 [main] DEBUG com.rr.o2o.dao.ShopDao.queryShopList - ==>  Preparing: select s.shop_id, s.shop_name, s.shop_desc, s.shop_addr, s.phone, s.shop_img, s.priority, s.create_time, s.last_edit_time, s.enable_status, s.advice, a.area_id, a.area_name, sc.shop_category_id, sc.shop_category_name from tb_shop s, tb_area a, tb_shop_category sc WHERE s.shop_category_id = ? and s.owner_id = ? and s.area_id = a.area_id and s.shop_category_id = sc.shop_category_id order by s.priority DESC limit ?, ?; 
2019-03-13 22:52:38.536 [main] DEBUG com.rr.o2o.dao.ShopDao.queryShopList - ==> Parameters: 1(Long), 1(Long), 0(Integer), 2(Integer)
2019-03-13 22:52:38.560 [main] DEBUG com.rr.o2o.dao.ShopDao.queryShopList - <==      Total: 2
2019-03-13 22:52:38.567 [main] DEBUG com.rr.o2o.dao.ShopDao.queryShopCount - ==>  Preparing: select count(1) from tb_shop s, tb_area a, tb_shop_category sc WHERE s.shop_category_id = ? and s.owner_id = ? and s.area_id = a.area_id and s.shop_category_id = sc.shop_category_id 
2019-03-13 22:52:38.568 [main] DEBUG com.rr.o2o.dao.ShopDao.queryShopCount - ==> Parameters: 1(Long), 1(Long)
2019-03-13 22:52:38.569 [main] DEBUG com.rr.o2o.dao.ShopDao.queryShopCount - <==      Total: 1
2019-03-13 22:53:31.849 [main] DEBUG com.rr.o2o.dao.ShopDao.queryShopList - ==>  Preparing: select s.shop_id, s.shop_name, s.shop_desc, s.shop_addr, s.phone, s.shop_img, s.priority, s.create_time, s.last_edit_time, s.enable_status, s.advice, a.area_id, a.area_name, sc.shop_category_id, sc.shop_category_name from tb_shop s, tb_area a, tb_shop_category sc WHERE s.shop_category_id = ? and s.owner_id = ? and s.area_id = a.area_id and s.shop_category_id = sc.shop_category_id order by s.priority DESC limit ?, ?; 
2019-03-13 22:53:31.918 [main] DEBUG com.rr.o2o.dao.ShopDao.queryShopList - ==> Parameters: 1(Long), 1(Long), 8(Integer), 2(Integer)
2019-03-13 22:53:31.940 [main] DEBUG com.rr.o2o.dao.ShopDao.queryShopList - <==      Total: 0
2019-03-13 22:53:31.949 [main] DEBUG com.rr.o2o.dao.ShopDao.queryShopCount - ==>  Preparing: select count(1) from tb_shop s, tb_area a, tb_shop_category sc WHERE s.shop_category_id = ? and s.owner_id = ? and s.area_id = a.area_id and s.shop_category_id = sc.shop_category_id 
2019-03-13 22:53:31.950 [main] DEBUG com.rr.o2o.dao.ShopDao.queryShopCount - ==> Parameters: 1(Long), 1(Long)
2019-03-13 22:53:31.953 [main] DEBUG com.rr.o2o.dao.ShopDao.queryShopCount - <==      Total: 1
2019-03-13 22:53:46.736 [main] DEBUG com.rr.o2o.dao.ShopDao.queryShopList - ==>  Preparing: select s.shop_id, s.shop_name, s.shop_desc, s.shop_addr, s.phone, s.shop_img, s.priority, s.create_time, s.last_edit_time, s.enable_status, s.advice, a.area_id, a.area_name, sc.shop_category_id, sc.shop_category_name from tb_shop s, tb_area a, tb_shop_category sc WHERE s.shop_category_id = ? and s.owner_id = ? and s.area_id = a.area_id and s.shop_category_id = sc.shop_category_id order by s.priority DESC limit ?, ?; 
2019-03-13 22:53:46.766 [main] DEBUG com.rr.o2o.dao.ShopDao.queryShopList - ==> Parameters: 1(Long), 1(Long), 4(Integer), 2(Integer)
2019-03-13 22:53:46.784 [main] DEBUG com.rr.o2o.dao.ShopDao.queryShopList - <==      Total: 1
2019-03-13 22:53:46.792 [main] DEBUG com.rr.o2o.dao.ShopDao.queryShopCount - ==>  Preparing: select count(1) from tb_shop s, tb_area a, tb_shop_category sc WHERE s.shop_category_id = ? and s.owner_id = ? and s.area_id = a.area_id and s.shop_category_id = sc.shop_category_id 
2019-03-13 22:53:46.792 [main] DEBUG com.rr.o2o.dao.ShopDao.queryShopCount - ==> Parameters: 1(Long), 1(Long)
2019-03-13 22:53:46.794 [main] DEBUG com.rr.o2o.dao.ShopDao.queryShopCount - <==      Total: 1
